root@8609c3d23ec7:/Downloads/Jetson_mask_noMask_detection# python test1.py 
2020-06-12 03:51:08.670704: I tensorflow/stream_executor/platform/default/dso_loader.cc:44] Successfully opened dynamic library libcudart.so.10.2
WARNING:tensorflow:From test1.py:5: The name tf.gfile.GFile is deprecated. Please use tf.io.gfile.GFile instead.

WARNING:tensorflow:From test1.py:6: The name tf.GraphDef is deprecated. Please use tf.compat.v1.GraphDef instead.

prefix/data_1 [<tf.Tensor 'prefix/data_1:0' shape=(?, 260, 260, 3) dtype=float32>]
prefix/conv2d_0_1/kernel [<tf.Tensor 'prefix/conv2d_0_1/kernel:0' shape=(3, 3, 3, 32) dtype=float32>]
prefix/conv2d_0_1/kernel/read [<tf.Tensor 'prefix/conv2d_0_1/kernel/read:0' shape=(3, 3, 3, 32) dtype=float32>]
prefix/conv2d_0_1/convolution [<tf.Tensor 'prefix/conv2d_0_1/convolution:0' shape=(?, 260, 260, 32) dtype=float32>]
prefix/conv2d_0_bn_1/gamma [<tf.Tensor 'prefix/conv2d_0_bn_1/gamma:0' shape=(32,) dtype=float32>]
prefix/conv2d_0_bn_1/gamma/read [<tf.Tensor 'prefix/conv2d_0_bn_1/gamma/read:0' shape=(32,) dtype=float32>]
prefix/conv2d_0_bn_1/beta [<tf.Tensor 'prefix/conv2d_0_bn_1/beta:0' shape=(32,) dtype=float32>]
prefix/conv2d_0_bn_1/beta/read [<tf.Tensor 'prefix/conv2d_0_bn_1/beta/read:0' shape=(32,) dtype=float32>]
prefix/conv2d_0_bn_1/moving_mean [<tf.Tensor 'prefix/conv2d_0_bn_1/moving_mean:0' shape=(32,) dtype=float32>]
prefix/conv2d_0_bn_1/moving_mean/read [<tf.Tensor 'prefix/conv2d_0_bn_1/moving_mean/read:0' shape=(32,) dtype=float32>]
prefix/conv2d_0_bn_1/moving_variance [<tf.Tensor 'prefix/conv2d_0_bn_1/moving_variance:0' shape=(32,) dtype=float32>]
prefix/conv2d_0_bn_1/moving_variance/read [<tf.Tensor 'prefix/conv2d_0_bn_1/moving_variance/read:0' shape=(32,) dtype=float32>]
prefix/conv2d_0_bn_1/FusedBatchNorm_1 [<tf.Tensor 'prefix/conv2d_0_bn_1/FusedBatchNorm_1:0' shape=(?, 260, 260, 32) dtype=float32>, <tf.Tensor 'prefix/conv2d_0_bn_1/FusedBatchNorm_1:1' shape=(32,) dtype=float32>, <tf.Tensor 'prefix/conv2d_0_bn_1/FusedBatchNorm_1:2' shape=(32,) dtype=float32>, <tf.Tensor 'prefix/conv2d_0_bn_1/FusedBatchNorm_1:3' shape=(32,) dtype=float32>, <tf.Tensor 'prefix/conv2d_0_bn_1/FusedBatchNorm_1:4' shape=(32,) dtype=float32>]
prefix/conv2d_0_activation_1/Relu [<tf.Tensor 'prefix/conv2d_0_activation_1/Relu:0' shape=(?, 260, 260, 32) dtype=float32>]
prefix/maxpool2d_0_1/MaxPool [<tf.Tensor 'prefix/maxpool2d_0_1/MaxPool:0' shape=(?, 130, 130, 32) dtype=float32>]
prefix/conv2d_1_1/kernel [<tf.Tensor 'prefix/conv2d_1_1/kernel:0' shape=(3, 3, 32, 64) dtype=float32>]
prefix/conv2d_1_1/kernel/read [<tf.Tensor 'prefix/conv2d_1_1/kernel/read:0' shape=(3, 3, 32, 64) dtype=float32>]
prefix/conv2d_1_1/convolution [<tf.Tensor 'prefix/conv2d_1_1/convolution:0' shape=(?, 130, 130, 64) dtype=float32>]
prefix/conv2d_1_bn_1/gamma [<tf.Tensor 'prefix/conv2d_1_bn_1/gamma:0' shape=(64,) dtype=float32>]
prefix/conv2d_1_bn_1/gamma/read [<tf.Tensor 'prefix/conv2d_1_bn_1/gamma/read:0' shape=(64,) dtype=float32>]
prefix/conv2d_1_bn_1/beta [<tf.Tensor 'prefix/conv2d_1_bn_1/beta:0' shape=(64,) dtype=float32>]
prefix/conv2d_1_bn_1/beta/read [<tf.Tensor 'prefix/conv2d_1_bn_1/beta/read:0' shape=(64,) dtype=float32>]
prefix/conv2d_1_bn_1/moving_mean [<tf.Tensor 'prefix/conv2d_1_bn_1/moving_mean:0' shape=(64,) dtype=float32>]
prefix/conv2d_1_bn_1/moving_mean/read [<tf.Tensor 'prefix/conv2d_1_bn_1/moving_mean/read:0' shape=(64,) dtype=float32>]
prefix/conv2d_1_bn_1/moving_variance [<tf.Tensor 'prefix/conv2d_1_bn_1/moving_variance:0' shape=(64,) dtype=float32>]
prefix/conv2d_1_bn_1/moving_variance/read [<tf.Tensor 'prefix/conv2d_1_bn_1/moving_variance/read:0' shape=(64,) dtype=float32>]
prefix/conv2d_1_bn_1/FusedBatchNorm_1 [<tf.Tensor 'prefix/conv2d_1_bn_1/FusedBatchNorm_1:0' shape=(?, 130, 130, 64) dtype=float32>, <tf.Tensor 'prefix/conv2d_1_bn_1/FusedBatchNorm_1:1' shape=(64,) dtype=float32>, <tf.Tensor 'prefix/conv2d_1_bn_1/FusedBatchNorm_1:2' shape=(64,) dtype=float32>, <tf.Tensor 'prefix/conv2d_1_bn_1/FusedBatchNorm_1:3' shape=(64,) dtype=float32>, <tf.Tensor 'prefix/conv2d_1_bn_1/FusedBatchNorm_1:4' shape=(64,) dtype=float32>]
prefix/conv2d_1_activation_1/Relu [<tf.Tensor 'prefix/conv2d_1_activation_1/Relu:0' shape=(?, 130, 130, 64) dtype=float32>]
prefix/maxpool2d_1_1/MaxPool [<tf.Tensor 'prefix/maxpool2d_1_1/MaxPool:0' shape=(?, 65, 65, 64) dtype=float32>]
prefix/conv2d_2_1/kernel [<tf.Tensor 'prefix/conv2d_2_1/kernel:0' shape=(3, 3, 64, 64) dtype=float32>]
prefix/conv2d_2_1/kernel/read [<tf.Tensor 'prefix/conv2d_2_1/kernel/read:0' shape=(3, 3, 64, 64) dtype=float32>]
prefix/conv2d_2_1/convolution [<tf.Tensor 'prefix/conv2d_2_1/convolution:0' shape=(?, 65, 65, 64) dtype=float32>]
prefix/conv2d_2_bn_1/gamma [<tf.Tensor 'prefix/conv2d_2_bn_1/gamma:0' shape=(64,) dtype=float32>]
prefix/conv2d_2_bn_1/gamma/read [<tf.Tensor 'prefix/conv2d_2_bn_1/gamma/read:0' shape=(64,) dtype=float32>]
prefix/conv2d_2_bn_1/beta [<tf.Tensor 'prefix/conv2d_2_bn_1/beta:0' shape=(64,) dtype=float32>]
prefix/conv2d_2_bn_1/beta/read [<tf.Tensor 'prefix/conv2d_2_bn_1/beta/read:0' shape=(64,) dtype=float32>]
prefix/conv2d_2_bn_1/moving_mean [<tf.Tensor 'prefix/conv2d_2_bn_1/moving_mean:0' shape=(64,) dtype=float32>]
prefix/conv2d_2_bn_1/moving_mean/read [<tf.Tensor 'prefix/conv2d_2_bn_1/moving_mean/read:0' shape=(64,) dtype=float32>]
prefix/conv2d_2_bn_1/moving_variance [<tf.Tensor 'prefix/conv2d_2_bn_1/moving_variance:0' shape=(64,) dtype=float32>]
prefix/conv2d_2_bn_1/moving_variance/read [<tf.Tensor 'prefix/conv2d_2_bn_1/moving_variance/read:0' shape=(64,) dtype=float32>]
prefix/conv2d_2_bn_1/FusedBatchNorm_1 [<tf.Tensor 'prefix/conv2d_2_bn_1/FusedBatchNorm_1:0' shape=(?, 65, 65, 64) dtype=float32>, <tf.Tensor 'prefix/conv2d_2_bn_1/FusedBatchNorm_1:1' shape=(64,) dtype=float32>, <tf.Tensor 'prefix/conv2d_2_bn_1/FusedBatchNorm_1:2' shape=(64,) dtype=float32>, <tf.Tensor 'prefix/conv2d_2_bn_1/FusedBatchNorm_1:3' shape=(64,) dtype=float32>, <tf.Tensor 'prefix/conv2d_2_bn_1/FusedBatchNorm_1:4' shape=(64,) dtype=float32>]
prefix/conv2d_2_activation_1/Relu [<tf.Tensor 'prefix/conv2d_2_activation_1/Relu:0' shape=(?, 65, 65, 64) dtype=float32>]
prefix/maxpool2d_2_1/MaxPool [<tf.Tensor 'prefix/maxpool2d_2_1/MaxPool:0' shape=(?, 33, 33, 64) dtype=float32>]
prefix/conv2d_3_1/kernel [<tf.Tensor 'prefix/conv2d_3_1/kernel:0' shape=(3, 3, 64, 64) dtype=float32>]
prefix/conv2d_3_1/kernel/read [<tf.Tensor 'prefix/conv2d_3_1/kernel/read:0' shape=(3, 3, 64, 64) dtype=float32>]
prefix/conv2d_3_1/convolution [<tf.Tensor 'prefix/conv2d_3_1/convolution:0' shape=(?, 33, 33, 64) dtype=float32>]
prefix/conv2d_3_bn_1/gamma [<tf.Tensor 'prefix/conv2d_3_bn_1/gamma:0' shape=(64,) dtype=float32>]
prefix/conv2d_3_bn_1/gamma/read [<tf.Tensor 'prefix/conv2d_3_bn_1/gamma/read:0' shape=(64,) dtype=float32>]
prefix/conv2d_3_bn_1/beta [<tf.Tensor 'prefix/conv2d_3_bn_1/beta:0' shape=(64,) dtype=float32>]
prefix/conv2d_3_bn_1/beta/read [<tf.Tensor 'prefix/conv2d_3_bn_1/beta/read:0' shape=(64,) dtype=float32>]
prefix/conv2d_3_bn_1/moving_mean [<tf.Tensor 'prefix/conv2d_3_bn_1/moving_mean:0' shape=(64,) dtype=float32>]
prefix/conv2d_3_bn_1/moving_mean/read [<tf.Tensor 'prefix/conv2d_3_bn_1/moving_mean/read:0' shape=(64,) dtype=float32>]
prefix/conv2d_3_bn_1/moving_variance [<tf.Tensor 'prefix/conv2d_3_bn_1/moving_variance:0' shape=(64,) dtype=float32>]
prefix/conv2d_3_bn_1/moving_variance/read [<tf.Tensor 'prefix/conv2d_3_bn_1/moving_variance/read:0' shape=(64,) dtype=float32>]
prefix/conv2d_3_bn_1/FusedBatchNorm_1 [<tf.Tensor 'prefix/conv2d_3_bn_1/FusedBatchNorm_1:0' shape=(?, 33, 33, 64) dtype=float32>, <tf.Tensor 'prefix/conv2d_3_bn_1/FusedBatchNorm_1:1' shape=(64,) dtype=float32>, <tf.Tensor 'prefix/conv2d_3_bn_1/FusedBatchNorm_1:2' shape=(64,) dtype=float32>, <tf.Tensor 'prefix/conv2d_3_bn_1/FusedBatchNorm_1:3' shape=(64,) dtype=float32>, <tf.Tensor 'prefix/conv2d_3_bn_1/FusedBatchNorm_1:4' shape=(64,) dtype=float32>]
prefix/conv2d_3_activation_1/Relu [<tf.Tensor 'prefix/conv2d_3_activation_1/Relu:0' shape=(?, 33, 33, 64) dtype=float32>]
prefix/maxpool2d_3_1/MaxPool [<tf.Tensor 'prefix/maxpool2d_3_1/MaxPool:0' shape=(?, 17, 17, 64) dtype=float32>]
prefix/conv2d_4_1/kernel [<tf.Tensor 'prefix/conv2d_4_1/kernel:0' shape=(3, 3, 64, 128) dtype=float32>]
prefix/conv2d_4_1/kernel/read [<tf.Tensor 'prefix/conv2d_4_1/kernel/read:0' shape=(3, 3, 64, 128) dtype=float32>]
prefix/conv2d_4_1/convolution [<tf.Tensor 'prefix/conv2d_4_1/convolution:0' shape=(?, 17, 17, 128) dtype=float32>]
prefix/conv2d_4_bn_1/gamma [<tf.Tensor 'prefix/conv2d_4_bn_1/gamma:0' shape=(128,) dtype=float32>]
prefix/conv2d_4_bn_1/gamma/read [<tf.Tensor 'prefix/conv2d_4_bn_1/gamma/read:0' shape=(128,) dtype=float32>]
prefix/conv2d_4_bn_1/beta [<tf.Tensor 'prefix/conv2d_4_bn_1/beta:0' shape=(128,) dtype=float32>]
prefix/conv2d_4_bn_1/beta/read [<tf.Tensor 'prefix/conv2d_4_bn_1/beta/read:0' shape=(128,) dtype=float32>]
prefix/conv2d_4_bn_1/moving_mean [<tf.Tensor 'prefix/conv2d_4_bn_1/moving_mean:0' shape=(128,) dtype=float32>]
prefix/conv2d_4_bn_1/moving_mean/read [<tf.Tensor 'prefix/conv2d_4_bn_1/moving_mean/read:0' shape=(128,) dtype=float32>]
prefix/conv2d_4_bn_1/moving_variance [<tf.Tensor 'prefix/conv2d_4_bn_1/moving_variance:0' shape=(128,) dtype=float32>]
prefix/conv2d_4_bn_1/moving_variance/read [<tf.Tensor 'prefix/conv2d_4_bn_1/moving_variance/read:0' shape=(128,) dtype=float32>]
prefix/conv2d_4_bn_1/FusedBatchNorm_1 [<tf.Tensor 'prefix/conv2d_4_bn_1/FusedBatchNorm_1:0' shape=(?, 17, 17, 128) dtype=float32>, <tf.Tensor 'prefix/conv2d_4_bn_1/FusedBatchNorm_1:1' shape=(128,) dtype=float32>, <tf.Tensor 'prefix/conv2d_4_bn_1/FusedBatchNorm_1:2' shape=(128,) dtype=float32>, <tf.Tensor 'prefix/conv2d_4_bn_1/FusedBatchNorm_1:3' shape=(128,) dtype=float32>, <tf.Tensor 'prefix/conv2d_4_bn_1/FusedBatchNorm_1:4' shape=(128,) dtype=float32>]
prefix/conv2d_4_activation_1/Relu [<tf.Tensor 'prefix/conv2d_4_activation_1/Relu:0' shape=(?, 17, 17, 128) dtype=float32>]
prefix/maxpool2d_4_1/MaxPool [<tf.Tensor 'prefix/maxpool2d_4_1/MaxPool:0' shape=(?, 9, 9, 128) dtype=float32>]
prefix/conv2d_5_1/kernel [<tf.Tensor 'prefix/conv2d_5_1/kernel:0' shape=(3, 3, 128, 128) dtype=float32>]
prefix/conv2d_5_1/kernel/read [<tf.Tensor 'prefix/conv2d_5_1/kernel/read:0' shape=(3, 3, 128, 128) dtype=float32>]
prefix/conv2d_5_1/convolution [<tf.Tensor 'prefix/conv2d_5_1/convolution:0' shape=(?, 9, 9, 128) dtype=float32>]
prefix/conv2d_5_bn_1/gamma [<tf.Tensor 'prefix/conv2d_5_bn_1/gamma:0' shape=(128,) dtype=float32>]
prefix/conv2d_5_bn_1/gamma/read [<tf.Tensor 'prefix/conv2d_5_bn_1/gamma/read:0' shape=(128,) dtype=float32>]
prefix/conv2d_5_bn_1/beta [<tf.Tensor 'prefix/conv2d_5_bn_1/beta:0' shape=(128,) dtype=float32>]
prefix/conv2d_5_bn_1/beta/read [<tf.Tensor 'prefix/conv2d_5_bn_1/beta/read:0' shape=(128,) dtype=float32>]
prefix/conv2d_5_bn_1/moving_mean [<tf.Tensor 'prefix/conv2d_5_bn_1/moving_mean:0' shape=(128,) dtype=float32>]
prefix/conv2d_5_bn_1/moving_mean/read [<tf.Tensor 'prefix/conv2d_5_bn_1/moving_mean/read:0' shape=(128,) dtype=float32>]
prefix/conv2d_5_bn_1/moving_variance [<tf.Tensor 'prefix/conv2d_5_bn_1/moving_variance:0' shape=(128,) dtype=float32>]
prefix/conv2d_5_bn_1/moving_variance/read [<tf.Tensor 'prefix/conv2d_5_bn_1/moving_variance/read:0' shape=(128,) dtype=float32>]
prefix/conv2d_5_bn_1/FusedBatchNorm_1 [<tf.Tensor 'prefix/conv2d_5_bn_1/FusedBatchNorm_1:0' shape=(?, 9, 9, 128) dtype=float32>, <tf.Tensor 'prefix/conv2d_5_bn_1/FusedBatchNorm_1:1' shape=(128,) dtype=float32>, <tf.Tensor 'prefix/conv2d_5_bn_1/FusedBatchNorm_1:2' shape=(128,) dtype=float32>, <tf.Tensor 'prefix/conv2d_5_bn_1/FusedBatchNorm_1:3' shape=(128,) dtype=float32>, <tf.Tensor 'prefix/conv2d_5_bn_1/FusedBatchNorm_1:4' shape=(128,) dtype=float32>]
prefix/conv2d_5_activation_1/Relu [<tf.Tensor 'prefix/conv2d_5_activation_1/Relu:0' shape=(?, 9, 9, 128) dtype=float32>]
prefix/maxpool2d_5_1/MaxPool [<tf.Tensor 'prefix/maxpool2d_5_1/MaxPool:0' shape=(?, 5, 5, 128) dtype=float32>]
prefix/conv2d_6_1/kernel [<tf.Tensor 'prefix/conv2d_6_1/kernel:0' shape=(3, 3, 128, 64) dtype=float32>]
prefix/conv2d_6_1/kernel/read [<tf.Tensor 'prefix/conv2d_6_1/kernel/read:0' shape=(3, 3, 128, 64) dtype=float32>]
prefix/conv2d_6_1/convolution [<tf.Tensor 'prefix/conv2d_6_1/convolution:0' shape=(?, 5, 5, 64) dtype=float32>]
prefix/conv2d_6_bn_1/gamma [<tf.Tensor 'prefix/conv2d_6_bn_1/gamma:0' shape=(64,) dtype=float32>]
prefix/conv2d_6_bn_1/gamma/read [<tf.Tensor 'prefix/conv2d_6_bn_1/gamma/read:0' shape=(64,) dtype=float32>]
prefix/conv2d_6_bn_1/beta [<tf.Tensor 'prefix/conv2d_6_bn_1/beta:0' shape=(64,) dtype=float32>]
prefix/conv2d_6_bn_1/beta/read [<tf.Tensor 'prefix/conv2d_6_bn_1/beta/read:0' shape=(64,) dtype=float32>]
prefix/conv2d_6_bn_1/moving_mean [<tf.Tensor 'prefix/conv2d_6_bn_1/moving_mean:0' shape=(64,) dtype=float32>]
prefix/conv2d_6_bn_1/moving_mean/read [<tf.Tensor 'prefix/conv2d_6_bn_1/moving_mean/read:0' shape=(64,) dtype=float32>]
prefix/conv2d_6_bn_1/moving_variance [<tf.Tensor 'prefix/conv2d_6_bn_1/moving_variance:0' shape=(64,) dtype=float32>]
prefix/conv2d_6_bn_1/moving_variance/read [<tf.Tensor 'prefix/conv2d_6_bn_1/moving_variance/read:0' shape=(64,) dtype=float32>]
prefix/conv2d_6_bn_1/FusedBatchNorm_1 [<tf.Tensor 'prefix/conv2d_6_bn_1/FusedBatchNorm_1:0' shape=(?, 5, 5, 64) dtype=float32>, <tf.Tensor 'prefix/conv2d_6_bn_1/FusedBatchNorm_1:1' shape=(64,) dtype=float32>, <tf.Tensor 'prefix/conv2d_6_bn_1/FusedBatchNorm_1:2' shape=(64,) dtype=float32>, <tf.Tensor 'prefix/conv2d_6_bn_1/FusedBatchNorm_1:3' shape=(64,) dtype=float32>, <tf.Tensor 'prefix/conv2d_6_bn_1/FusedBatchNorm_1:4' shape=(64,) dtype=float32>]
prefix/conv2d_6_activation_1/Relu [<tf.Tensor 'prefix/conv2d_6_activation_1/Relu:0' shape=(?, 5, 5, 64) dtype=float32>]
prefix/conv2d_7_1/kernel [<tf.Tensor 'prefix/conv2d_7_1/kernel:0' shape=(3, 3, 64, 64) dtype=float32>]
prefix/conv2d_7_1/kernel/read [<tf.Tensor 'prefix/conv2d_7_1/kernel/read:0' shape=(3, 3, 64, 64) dtype=float32>]
prefix/conv2d_7_1/convolution [<tf.Tensor 'prefix/conv2d_7_1/convolution:0' shape=(?, 3, 3, 64) dtype=float32>]
prefix/conv2d_7_bn_1/gamma [<tf.Tensor 'prefix/conv2d_7_bn_1/gamma:0' shape=(64,) dtype=float32>]
prefix/conv2d_7_bn_1/gamma/read [<tf.Tensor 'prefix/conv2d_7_bn_1/gamma/read:0' shape=(64,) dtype=float32>]
prefix/conv2d_7_bn_1/beta [<tf.Tensor 'prefix/conv2d_7_bn_1/beta:0' shape=(64,) dtype=float32>]
prefix/conv2d_7_bn_1/beta/read [<tf.Tensor 'prefix/conv2d_7_bn_1/beta/read:0' shape=(64,) dtype=float32>]
prefix/conv2d_7_bn_1/moving_mean [<tf.Tensor 'prefix/conv2d_7_bn_1/moving_mean:0' shape=(64,) dtype=float32>]
prefix/conv2d_7_bn_1/moving_mean/read [<tf.Tensor 'prefix/conv2d_7_bn_1/moving_mean/read:0' shape=(64,) dtype=float32>]
prefix/conv2d_7_bn_1/moving_variance [<tf.Tensor 'prefix/conv2d_7_bn_1/moving_variance:0' shape=(64,) dtype=float32>]
prefix/conv2d_7_bn_1/moving_variance/read [<tf.Tensor 'prefix/conv2d_7_bn_1/moving_variance/read:0' shape=(64,) dtype=float32>]
prefix/conv2d_7_bn_1/FusedBatchNorm_1 [<tf.Tensor 'prefix/conv2d_7_bn_1/FusedBatchNorm_1:0' shape=(?, 3, 3, 64) dtype=float32>, <tf.Tensor 'prefix/conv2d_7_bn_1/FusedBatchNorm_1:1' shape=(64,) dtype=float32>, <tf.Tensor 'prefix/conv2d_7_bn_1/FusedBatchNorm_1:2' shape=(64,) dtype=float32>, <tf.Tensor 'prefix/conv2d_7_bn_1/FusedBatchNorm_1:3' shape=(64,) dtype=float32>, <tf.Tensor 'prefix/conv2d_7_bn_1/FusedBatchNorm_1:4' shape=(64,) dtype=float32>]
prefix/conv2d_7_activation_1/Relu [<tf.Tensor 'prefix/conv2d_7_activation_1/Relu:0' shape=(?, 3, 3, 64) dtype=float32>]
prefix/cls_0_insert_conv2d_1/kernel [<tf.Tensor 'prefix/cls_0_insert_conv2d_1/kernel:0' shape=(3, 3, 64, 64) dtype=float32>]
prefix/cls_0_insert_conv2d_1/kernel/read [<tf.Tensor 'prefix/cls_0_insert_conv2d_1/kernel/read:0' shape=(3, 3, 64, 64) dtype=float32>]
prefix/cls_0_insert_conv2d_1/convolution [<tf.Tensor 'prefix/cls_0_insert_conv2d_1/convolution:0' shape=(?, 33, 33, 64) dtype=float32>]
prefix/cls_1_insert_conv2d_1/kernel [<tf.Tensor 'prefix/cls_1_insert_conv2d_1/kernel:0' shape=(3, 3, 128, 64) dtype=float32>]
prefix/cls_1_insert_conv2d_1/kernel/read [<tf.Tensor 'prefix/cls_1_insert_conv2d_1/kernel/read:0' shape=(3, 3, 128, 64) dtype=float32>]
prefix/cls_1_insert_conv2d_1/convolution [<tf.Tensor 'prefix/cls_1_insert_conv2d_1/convolution:0' shape=(?, 17, 17, 64) dtype=float32>]
prefix/cls_2_insert_conv2d_1/kernel [<tf.Tensor 'prefix/cls_2_insert_conv2d_1/kernel:0' shape=(3, 3, 128, 64) dtype=float32>]
prefix/cls_2_insert_conv2d_1/kernel/read [<tf.Tensor 'prefix/cls_2_insert_conv2d_1/kernel/read:0' shape=(3, 3, 128, 64) dtype=float32>]
prefix/cls_2_insert_conv2d_1/convolution [<tf.Tensor 'prefix/cls_2_insert_conv2d_1/convolution:0' shape=(?, 9, 9, 64) dtype=float32>]
prefix/cls_3_insert_conv2d_1/kernel [<tf.Tensor 'prefix/cls_3_insert_conv2d_1/kernel:0' shape=(3, 3, 64, 64) dtype=float32>]
prefix/cls_3_insert_conv2d_1/kernel/read [<tf.Tensor 'prefix/cls_3_insert_conv2d_1/kernel/read:0' shape=(3, 3, 64, 64) dtype=float32>]
prefix/cls_3_insert_conv2d_1/convolution [<tf.Tensor 'prefix/cls_3_insert_conv2d_1/convolution:0' shape=(?, 5, 5, 64) dtype=float32>]
prefix/cls_4_insert_conv2d_1/kernel [<tf.Tensor 'prefix/cls_4_insert_conv2d_1/kernel:0' shape=(3, 3, 64, 64) dtype=float32>]
prefix/cls_4_insert_conv2d_1/kernel/read [<tf.Tensor 'prefix/cls_4_insert_conv2d_1/kernel/read:0' shape=(3, 3, 64, 64) dtype=float32>]
prefix/cls_4_insert_conv2d_1/convolution [<tf.Tensor 'prefix/cls_4_insert_conv2d_1/convolution:0' shape=(?, 3, 3, 64) dtype=float32>]
prefix/loc_0_insert_conv2d_1/kernel [<tf.Tensor 'prefix/loc_0_insert_conv2d_1/kernel:0' shape=(3, 3, 64, 64) dtype=float32>]
prefix/loc_0_insert_conv2d_1/kernel/read [<tf.Tensor 'prefix/loc_0_insert_conv2d_1/kernel/read:0' shape=(3, 3, 64, 64) dtype=float32>]
prefix/loc_0_insert_conv2d_1/convolution [<tf.Tensor 'prefix/loc_0_insert_conv2d_1/convolution:0' shape=(?, 33, 33, 64) dtype=float32>]
prefix/loc_1_insert_conv2d_1/kernel [<tf.Tensor 'prefix/loc_1_insert_conv2d_1/kernel:0' shape=(3, 3, 128, 64) dtype=float32>]
prefix/loc_1_insert_conv2d_1/kernel/read [<tf.Tensor 'prefix/loc_1_insert_conv2d_1/kernel/read:0' shape=(3, 3, 128, 64) dtype=float32>]
prefix/loc_1_insert_conv2d_1/convolution [<tf.Tensor 'prefix/loc_1_insert_conv2d_1/convolution:0' shape=(?, 17, 17, 64) dtype=float32>]
prefix/loc_2_insert_conv2d_1/kernel [<tf.Tensor 'prefix/loc_2_insert_conv2d_1/kernel:0' shape=(3, 3, 128, 64) dtype=float32>]
prefix/loc_2_insert_conv2d_1/kernel/read [<tf.Tensor 'prefix/loc_2_insert_conv2d_1/kernel/read:0' shape=(3, 3, 128, 64) dtype=float32>]
prefix/loc_2_insert_conv2d_1/convolution [<tf.Tensor 'prefix/loc_2_insert_conv2d_1/convolution:0' shape=(?, 9, 9, 64) dtype=float32>]
prefix/loc_3_insert_conv2d_1/kernel [<tf.Tensor 'prefix/loc_3_insert_conv2d_1/kernel:0' shape=(3, 3, 64, 64) dtype=float32>]
prefix/loc_3_insert_conv2d_1/kernel/read [<tf.Tensor 'prefix/loc_3_insert_conv2d_1/kernel/read:0' shape=(3, 3, 64, 64) dtype=float32>]
prefix/loc_3_insert_conv2d_1/convolution [<tf.Tensor 'prefix/loc_3_insert_conv2d_1/convolution:0' shape=(?, 5, 5, 64) dtype=float32>]
prefix/loc_4_insert_conv2d_1/kernel [<tf.Tensor 'prefix/loc_4_insert_conv2d_1/kernel:0' shape=(3, 3, 64, 64) dtype=float32>]
prefix/loc_4_insert_conv2d_1/kernel/read [<tf.Tensor 'prefix/loc_4_insert_conv2d_1/kernel/read:0' shape=(3, 3, 64, 64) dtype=float32>]
prefix/loc_4_insert_conv2d_1/convolution [<tf.Tensor 'prefix/loc_4_insert_conv2d_1/convolution:0' shape=(?, 3, 3, 64) dtype=float32>]
prefix/cls_0_insert_conv2d_bn_1/gamma [<tf.Tensor 'prefix/cls_0_insert_conv2d_bn_1/gamma:0' shape=(64,) dtype=float32>]
prefix/cls_0_insert_conv2d_bn_1/gamma/read [<tf.Tensor 'prefix/cls_0_insert_conv2d_bn_1/gamma/read:0' shape=(64,) dtype=float32>]
prefix/cls_0_insert_conv2d_bn_1/beta [<tf.Tensor 'prefix/cls_0_insert_conv2d_bn_1/beta:0' shape=(64,) dtype=float32>]
prefix/cls_0_insert_conv2d_bn_1/beta/read [<tf.Tensor 'prefix/cls_0_insert_conv2d_bn_1/beta/read:0' shape=(64,) dtype=float32>]
prefix/cls_0_insert_conv2d_bn_1/moving_mean [<tf.Tensor 'prefix/cls_0_insert_conv2d_bn_1/moving_mean:0' shape=(64,) dtype=float32>]
prefix/cls_0_insert_conv2d_bn_1/moving_mean/read [<tf.Tensor 'prefix/cls_0_insert_conv2d_bn_1/moving_mean/read:0' shape=(64,) dtype=float32>]
prefix/cls_0_insert_conv2d_bn_1/moving_variance [<tf.Tensor 'prefix/cls_0_insert_conv2d_bn_1/moving_variance:0' shape=(64,) dtype=float32>]
prefix/cls_0_insert_conv2d_bn_1/moving_variance/read [<tf.Tensor 'prefix/cls_0_insert_conv2d_bn_1/moving_variance/read:0' shape=(64,) dtype=float32>]
prefix/cls_0_insert_conv2d_bn_1/FusedBatchNorm_1 [<tf.Tensor 'prefix/cls_0_insert_conv2d_bn_1/FusedBatchNorm_1:0' shape=(?, 33, 33, 64) dtype=float32>, <tf.Tensor 'prefix/cls_0_insert_conv2d_bn_1/FusedBatchNorm_1:1' shape=(64,) dtype=float32>, <tf.Tensor 'prefix/cls_0_insert_conv2d_bn_1/FusedBatchNorm_1:2' shape=(64,) dtype=float32>, <tf.Tensor 'prefix/cls_0_insert_conv2d_bn_1/FusedBatchNorm_1:3' shape=(64,) dtype=float32>, <tf.Tensor 'prefix/cls_0_insert_conv2d_bn_1/FusedBatchNorm_1:4' shape=(64,) dtype=float32>]
prefix/cls_1_insert_conv2d_bn_1/gamma [<tf.Tensor 'prefix/cls_1_insert_conv2d_bn_1/gamma:0' shape=(64,) dtype=float32>]
prefix/cls_1_insert_conv2d_bn_1/gamma/read [<tf.Tensor 'prefix/cls_1_insert_conv2d_bn_1/gamma/read:0' shape=(64,) dtype=float32>]
prefix/cls_1_insert_conv2d_bn_1/beta [<tf.Tensor 'prefix/cls_1_insert_conv2d_bn_1/beta:0' shape=(64,) dtype=float32>]
prefix/cls_1_insert_conv2d_bn_1/beta/read [<tf.Tensor 'prefix/cls_1_insert_conv2d_bn_1/beta/read:0' shape=(64,) dtype=float32>]
prefix/cls_1_insert_conv2d_bn_1/moving_mean [<tf.Tensor 'prefix/cls_1_insert_conv2d_bn_1/moving_mean:0' shape=(64,) dtype=float32>]
prefix/cls_1_insert_conv2d_bn_1/moving_mean/read [<tf.Tensor 'prefix/cls_1_insert_conv2d_bn_1/moving_mean/read:0' shape=(64,) dtype=float32>]
prefix/cls_1_insert_conv2d_bn_1/moving_variance [<tf.Tensor 'prefix/cls_1_insert_conv2d_bn_1/moving_variance:0' shape=(64,) dtype=float32>]
prefix/cls_1_insert_conv2d_bn_1/moving_variance/read [<tf.Tensor 'prefix/cls_1_insert_conv2d_bn_1/moving_variance/read:0' shape=(64,) dtype=float32>]
prefix/cls_1_insert_conv2d_bn_1/FusedBatchNorm_1 [<tf.Tensor 'prefix/cls_1_insert_conv2d_bn_1/FusedBatchNorm_1:0' shape=(?, 17, 17, 64) dtype=float32>, <tf.Tensor 'prefix/cls_1_insert_conv2d_bn_1/FusedBatchNorm_1:1' shape=(64,) dtype=float32>, <tf.Tensor 'prefix/cls_1_insert_conv2d_bn_1/FusedBatchNorm_1:2' shape=(64,) dtype=float32>, <tf.Tensor 'prefix/cls_1_insert_conv2d_bn_1/FusedBatchNorm_1:3' shape=(64,) dtype=float32>, <tf.Tensor 'prefix/cls_1_insert_conv2d_bn_1/FusedBatchNorm_1:4' shape=(64,) dtype=float32>]
prefix/cls_2_insert_conv2d_bn_1/gamma [<tf.Tensor 'prefix/cls_2_insert_conv2d_bn_1/gamma:0' shape=(64,) dtype=float32>]
prefix/cls_2_insert_conv2d_bn_1/gamma/read [<tf.Tensor 'prefix/cls_2_insert_conv2d_bn_1/gamma/read:0' shape=(64,) dtype=float32>]
prefix/cls_2_insert_conv2d_bn_1/beta [<tf.Tensor 'prefix/cls_2_insert_conv2d_bn_1/beta:0' shape=(64,) dtype=float32>]
prefix/cls_2_insert_conv2d_bn_1/beta/read [<tf.Tensor 'prefix/cls_2_insert_conv2d_bn_1/beta/read:0' shape=(64,) dtype=float32>]
prefix/cls_2_insert_conv2d_bn_1/moving_mean [<tf.Tensor 'prefix/cls_2_insert_conv2d_bn_1/moving_mean:0' shape=(64,) dtype=float32>]
prefix/cls_2_insert_conv2d_bn_1/moving_mean/read [<tf.Tensor 'prefix/cls_2_insert_conv2d_bn_1/moving_mean/read:0' shape=(64,) dtype=float32>]
prefix/cls_2_insert_conv2d_bn_1/moving_variance [<tf.Tensor 'prefix/cls_2_insert_conv2d_bn_1/moving_variance:0' shape=(64,) dtype=float32>]
prefix/cls_2_insert_conv2d_bn_1/moving_variance/read [<tf.Tensor 'prefix/cls_2_insert_conv2d_bn_1/moving_variance/read:0' shape=(64,) dtype=float32>]
prefix/cls_2_insert_conv2d_bn_1/FusedBatchNorm_1 [<tf.Tensor 'prefix/cls_2_insert_conv2d_bn_1/FusedBatchNorm_1:0' shape=(?, 9, 9, 64) dtype=float32>, <tf.Tensor 'prefix/cls_2_insert_conv2d_bn_1/FusedBatchNorm_1:1' shape=(64,) dtype=float32>, <tf.Tensor 'prefix/cls_2_insert_conv2d_bn_1/FusedBatchNorm_1:2' shape=(64,) dtype=float32>, <tf.Tensor 'prefix/cls_2_insert_conv2d_bn_1/FusedBatchNorm_1:3' shape=(64,) dtype=float32>, <tf.Tensor 'prefix/cls_2_insert_conv2d_bn_1/FusedBatchNorm_1:4' shape=(64,) dtype=float32>]
prefix/cls_3_insert_conv2d_bn_1/gamma [<tf.Tensor 'prefix/cls_3_insert_conv2d_bn_1/gamma:0' shape=(64,) dtype=float32>]
prefix/cls_3_insert_conv2d_bn_1/gamma/read [<tf.Tensor 'prefix/cls_3_insert_conv2d_bn_1/gamma/read:0' shape=(64,) dtype=float32>]
prefix/cls_3_insert_conv2d_bn_1/beta [<tf.Tensor 'prefix/cls_3_insert_conv2d_bn_1/beta:0' shape=(64,) dtype=float32>]
prefix/cls_3_insert_conv2d_bn_1/beta/read [<tf.Tensor 'prefix/cls_3_insert_conv2d_bn_1/beta/read:0' shape=(64,) dtype=float32>]
prefix/cls_3_insert_conv2d_bn_1/moving_mean [<tf.Tensor 'prefix/cls_3_insert_conv2d_bn_1/moving_mean:0' shape=(64,) dtype=float32>]
prefix/cls_3_insert_conv2d_bn_1/moving_mean/read [<tf.Tensor 'prefix/cls_3_insert_conv2d_bn_1/moving_mean/read:0' shape=(64,) dtype=float32>]
prefix/cls_3_insert_conv2d_bn_1/moving_variance [<tf.Tensor 'prefix/cls_3_insert_conv2d_bn_1/moving_variance:0' shape=(64,) dtype=float32>]
prefix/cls_3_insert_conv2d_bn_1/moving_variance/read [<tf.Tensor 'prefix/cls_3_insert_conv2d_bn_1/moving_variance/read:0' shape=(64,) dtype=float32>]
prefix/cls_3_insert_conv2d_bn_1/FusedBatchNorm_1 [<tf.Tensor 'prefix/cls_3_insert_conv2d_bn_1/FusedBatchNorm_1:0' shape=(?, 5, 5, 64) dtype=float32>, <tf.Tensor 'prefix/cls_3_insert_conv2d_bn_1/FusedBatchNorm_1:1' shape=(64,) dtype=float32>, <tf.Tensor 'prefix/cls_3_insert_conv2d_bn_1/FusedBatchNorm_1:2' shape=(64,) dtype=float32>, <tf.Tensor 'prefix/cls_3_insert_conv2d_bn_1/FusedBatchNorm_1:3' shape=(64,) dtype=float32>, <tf.Tensor 'prefix/cls_3_insert_conv2d_bn_1/FusedBatchNorm_1:4' shape=(64,) dtype=float32>]
prefix/cls_4_insert_conv2d_bn_1/gamma [<tf.Tensor 'prefix/cls_4_insert_conv2d_bn_1/gamma:0' shape=(64,) dtype=float32>]
prefix/cls_4_insert_conv2d_bn_1/gamma/read [<tf.Tensor 'prefix/cls_4_insert_conv2d_bn_1/gamma/read:0' shape=(64,) dtype=float32>]
prefix/cls_4_insert_conv2d_bn_1/beta [<tf.Tensor 'prefix/cls_4_insert_conv2d_bn_1/beta:0' shape=(64,) dtype=float32>]
prefix/cls_4_insert_conv2d_bn_1/beta/read [<tf.Tensor 'prefix/cls_4_insert_conv2d_bn_1/beta/read:0' shape=(64,) dtype=float32>]
prefix/cls_4_insert_conv2d_bn_1/moving_mean [<tf.Tensor 'prefix/cls_4_insert_conv2d_bn_1/moving_mean:0' shape=(64,) dtype=float32>]
prefix/cls_4_insert_conv2d_bn_1/moving_mean/read [<tf.Tensor 'prefix/cls_4_insert_conv2d_bn_1/moving_mean/read:0' shape=(64,) dtype=float32>]
prefix/cls_4_insert_conv2d_bn_1/moving_variance [<tf.Tensor 'prefix/cls_4_insert_conv2d_bn_1/moving_variance:0' shape=(64,) dtype=float32>]
prefix/cls_4_insert_conv2d_bn_1/moving_variance/read [<tf.Tensor 'prefix/cls_4_insert_conv2d_bn_1/moving_variance/read:0' shape=(64,) dtype=float32>]
prefix/cls_4_insert_conv2d_bn_1/FusedBatchNorm_1 [<tf.Tensor 'prefix/cls_4_insert_conv2d_bn_1/FusedBatchNorm_1:0' shape=(?, 3, 3, 64) dtype=float32>, <tf.Tensor 'prefix/cls_4_insert_conv2d_bn_1/FusedBatchNorm_1:1' shape=(64,) dtype=float32>, <tf.Tensor 'prefix/cls_4_insert_conv2d_bn_1/FusedBatchNorm_1:2' shape=(64,) dtype=float32>, <tf.Tensor 'prefix/cls_4_insert_conv2d_bn_1/FusedBatchNorm_1:3' shape=(64,) dtype=float32>, <tf.Tensor 'prefix/cls_4_insert_conv2d_bn_1/FusedBatchNorm_1:4' shape=(64,) dtype=float32>]
prefix/loc_0_insert_conv2d_bn_1/gamma [<tf.Tensor 'prefix/loc_0_insert_conv2d_bn_1/gamma:0' shape=(64,) dtype=float32>]
prefix/loc_0_insert_conv2d_bn_1/gamma/read [<tf.Tensor 'prefix/loc_0_insert_conv2d_bn_1/gamma/read:0' shape=(64,) dtype=float32>]
prefix/loc_0_insert_conv2d_bn_1/beta [<tf.Tensor 'prefix/loc_0_insert_conv2d_bn_1/beta:0' shape=(64,) dtype=float32>]
prefix/loc_0_insert_conv2d_bn_1/beta/read [<tf.Tensor 'prefix/loc_0_insert_conv2d_bn_1/beta/read:0' shape=(64,) dtype=float32>]
prefix/loc_0_insert_conv2d_bn_1/moving_mean [<tf.Tensor 'prefix/loc_0_insert_conv2d_bn_1/moving_mean:0' shape=(64,) dtype=float32>]
prefix/loc_0_insert_conv2d_bn_1/moving_mean/read [<tf.Tensor 'prefix/loc_0_insert_conv2d_bn_1/moving_mean/read:0' shape=(64,) dtype=float32>]
prefix/loc_0_insert_conv2d_bn_1/moving_variance [<tf.Tensor 'prefix/loc_0_insert_conv2d_bn_1/moving_variance:0' shape=(64,) dtype=float32>]
prefix/loc_0_insert_conv2d_bn_1/moving_variance/read [<tf.Tensor 'prefix/loc_0_insert_conv2d_bn_1/moving_variance/read:0' shape=(64,) dtype=float32>]
prefix/loc_0_insert_conv2d_bn_1/FusedBatchNorm_1 [<tf.Tensor 'prefix/loc_0_insert_conv2d_bn_1/FusedBatchNorm_1:0' shape=(?, 33, 33, 64) dtype=float32>, <tf.Tensor 'prefix/loc_0_insert_conv2d_bn_1/FusedBatchNorm_1:1' shape=(64,) dtype=float32>, <tf.Tensor 'prefix/loc_0_insert_conv2d_bn_1/FusedBatchNorm_1:2' shape=(64,) dtype=float32>, <tf.Tensor 'prefix/loc_0_insert_conv2d_bn_1/FusedBatchNorm_1:3' shape=(64,) dtype=float32>, <tf.Tensor 'prefix/loc_0_insert_conv2d_bn_1/FusedBatchNorm_1:4' shape=(64,) dtype=float32>]
prefix/loc_1_insert_conv2d_bn_1/gamma [<tf.Tensor 'prefix/loc_1_insert_conv2d_bn_1/gamma:0' shape=(64,) dtype=float32>]
prefix/loc_1_insert_conv2d_bn_1/gamma/read [<tf.Tensor 'prefix/loc_1_insert_conv2d_bn_1/gamma/read:0' shape=(64,) dtype=float32>]
prefix/loc_1_insert_conv2d_bn_1/beta [<tf.Tensor 'prefix/loc_1_insert_conv2d_bn_1/beta:0' shape=(64,) dtype=float32>]
prefix/loc_1_insert_conv2d_bn_1/beta/read [<tf.Tensor 'prefix/loc_1_insert_conv2d_bn_1/beta/read:0' shape=(64,) dtype=float32>]
prefix/loc_1_insert_conv2d_bn_1/moving_mean [<tf.Tensor 'prefix/loc_1_insert_conv2d_bn_1/moving_mean:0' shape=(64,) dtype=float32>]
prefix/loc_1_insert_conv2d_bn_1/moving_mean/read [<tf.Tensor 'prefix/loc_1_insert_conv2d_bn_1/moving_mean/read:0' shape=(64,) dtype=float32>]
prefix/loc_1_insert_conv2d_bn_1/moving_variance [<tf.Tensor 'prefix/loc_1_insert_conv2d_bn_1/moving_variance:0' shape=(64,) dtype=float32>]
prefix/loc_1_insert_conv2d_bn_1/moving_variance/read [<tf.Tensor 'prefix/loc_1_insert_conv2d_bn_1/moving_variance/read:0' shape=(64,) dtype=float32>]
prefix/loc_1_insert_conv2d_bn_1/FusedBatchNorm_1 [<tf.Tensor 'prefix/loc_1_insert_conv2d_bn_1/FusedBatchNorm_1:0' shape=(?, 17, 17, 64) dtype=float32>, <tf.Tensor 'prefix/loc_1_insert_conv2d_bn_1/FusedBatchNorm_1:1' shape=(64,) dtype=float32>, <tf.Tensor 'prefix/loc_1_insert_conv2d_bn_1/FusedBatchNorm_1:2' shape=(64,) dtype=float32>, <tf.Tensor 'prefix/loc_1_insert_conv2d_bn_1/FusedBatchNorm_1:3' shape=(64,) dtype=float32>, <tf.Tensor 'prefix/loc_1_insert_conv2d_bn_1/FusedBatchNorm_1:4' shape=(64,) dtype=float32>]
prefix/loc_2_insert_conv2d_bn_1/gamma [<tf.Tensor 'prefix/loc_2_insert_conv2d_bn_1/gamma:0' shape=(64,) dtype=float32>]
prefix/loc_2_insert_conv2d_bn_1/gamma/read [<tf.Tensor 'prefix/loc_2_insert_conv2d_bn_1/gamma/read:0' shape=(64,) dtype=float32>]
prefix/loc_2_insert_conv2d_bn_1/beta [<tf.Tensor 'prefix/loc_2_insert_conv2d_bn_1/beta:0' shape=(64,) dtype=float32>]
prefix/loc_2_insert_conv2d_bn_1/beta/read [<tf.Tensor 'prefix/loc_2_insert_conv2d_bn_1/beta/read:0' shape=(64,) dtype=float32>]
prefix/loc_2_insert_conv2d_bn_1/moving_mean [<tf.Tensor 'prefix/loc_2_insert_conv2d_bn_1/moving_mean:0' shape=(64,) dtype=float32>]
prefix/loc_2_insert_conv2d_bn_1/moving_mean/read [<tf.Tensor 'prefix/loc_2_insert_conv2d_bn_1/moving_mean/read:0' shape=(64,) dtype=float32>]
prefix/loc_2_insert_conv2d_bn_1/moving_variance [<tf.Tensor 'prefix/loc_2_insert_conv2d_bn_1/moving_variance:0' shape=(64,) dtype=float32>]
prefix/loc_2_insert_conv2d_bn_1/moving_variance/read [<tf.Tensor 'prefix/loc_2_insert_conv2d_bn_1/moving_variance/read:0' shape=(64,) dtype=float32>]
prefix/loc_2_insert_conv2d_bn_1/FusedBatchNorm_1 [<tf.Tensor 'prefix/loc_2_insert_conv2d_bn_1/FusedBatchNorm_1:0' shape=(?, 9, 9, 64) dtype=float32>, <tf.Tensor 'prefix/loc_2_insert_conv2d_bn_1/FusedBatchNorm_1:1' shape=(64,) dtype=float32>, <tf.Tensor 'prefix/loc_2_insert_conv2d_bn_1/FusedBatchNorm_1:2' shape=(64,) dtype=float32>, <tf.Tensor 'prefix/loc_2_insert_conv2d_bn_1/FusedBatchNorm_1:3' shape=(64,) dtype=float32>, <tf.Tensor 'prefix/loc_2_insert_conv2d_bn_1/FusedBatchNorm_1:4' shape=(64,) dtype=float32>]
prefix/loc_3_insert_conv2d_bn_1/gamma [<tf.Tensor 'prefix/loc_3_insert_conv2d_bn_1/gamma:0' shape=(64,) dtype=float32>]
prefix/loc_3_insert_conv2d_bn_1/gamma/read [<tf.Tensor 'prefix/loc_3_insert_conv2d_bn_1/gamma/read:0' shape=(64,) dtype=float32>]
prefix/loc_3_insert_conv2d_bn_1/beta [<tf.Tensor 'prefix/loc_3_insert_conv2d_bn_1/beta:0' shape=(64,) dtype=float32>]
prefix/loc_3_insert_conv2d_bn_1/beta/read [<tf.Tensor 'prefix/loc_3_insert_conv2d_bn_1/beta/read:0' shape=(64,) dtype=float32>]
prefix/loc_3_insert_conv2d_bn_1/moving_mean [<tf.Tensor 'prefix/loc_3_insert_conv2d_bn_1/moving_mean:0' shape=(64,) dtype=float32>]
prefix/loc_3_insert_conv2d_bn_1/moving_mean/read [<tf.Tensor 'prefix/loc_3_insert_conv2d_bn_1/moving_mean/read:0' shape=(64,) dtype=float32>]
prefix/loc_3_insert_conv2d_bn_1/moving_variance [<tf.Tensor 'prefix/loc_3_insert_conv2d_bn_1/moving_variance:0' shape=(64,) dtype=float32>]
prefix/loc_3_insert_conv2d_bn_1/moving_variance/read [<tf.Tensor 'prefix/loc_3_insert_conv2d_bn_1/moving_variance/read:0' shape=(64,) dtype=float32>]
prefix/loc_3_insert_conv2d_bn_1/FusedBatchNorm_1 [<tf.Tensor 'prefix/loc_3_insert_conv2d_bn_1/FusedBatchNorm_1:0' shape=(?, 5, 5, 64) dtype=float32>, <tf.Tensor 'prefix/loc_3_insert_conv2d_bn_1/FusedBatchNorm_1:1' shape=(64,) dtype=float32>, <tf.Tensor 'prefix/loc_3_insert_conv2d_bn_1/FusedBatchNorm_1:2' shape=(64,) dtype=float32>, <tf.Tensor 'prefix/loc_3_insert_conv2d_bn_1/FusedBatchNorm_1:3' shape=(64,) dtype=float32>, <tf.Tensor 'prefix/loc_3_insert_conv2d_bn_1/FusedBatchNorm_1:4' shape=(64,) dtype=float32>]
prefix/loc_4_insert_conv2d_bn_1/gamma [<tf.Tensor 'prefix/loc_4_insert_conv2d_bn_1/gamma:0' shape=(64,) dtype=float32>]
prefix/loc_4_insert_conv2d_bn_1/gamma/read [<tf.Tensor 'prefix/loc_4_insert_conv2d_bn_1/gamma/read:0' shape=(64,) dtype=float32>]
prefix/loc_4_insert_conv2d_bn_1/beta [<tf.Tensor 'prefix/loc_4_insert_conv2d_bn_1/beta:0' shape=(64,) dtype=float32>]
prefix/loc_4_insert_conv2d_bn_1/beta/read [<tf.Tensor 'prefix/loc_4_insert_conv2d_bn_1/beta/read:0' shape=(64,) dtype=float32>]
prefix/loc_4_insert_conv2d_bn_1/moving_mean [<tf.Tensor 'prefix/loc_4_insert_conv2d_bn_1/moving_mean:0' shape=(64,) dtype=float32>]
prefix/loc_4_insert_conv2d_bn_1/moving_mean/read [<tf.Tensor 'prefix/loc_4_insert_conv2d_bn_1/moving_mean/read:0' shape=(64,) dtype=float32>]
prefix/loc_4_insert_conv2d_bn_1/moving_variance [<tf.Tensor 'prefix/loc_4_insert_conv2d_bn_1/moving_variance:0' shape=(64,) dtype=float32>]
prefix/loc_4_insert_conv2d_bn_1/moving_variance/read [<tf.Tensor 'prefix/loc_4_insert_conv2d_bn_1/moving_variance/read:0' shape=(64,) dtype=float32>]
prefix/loc_4_insert_conv2d_bn_1/FusedBatchNorm_1 [<tf.Tensor 'prefix/loc_4_insert_conv2d_bn_1/FusedBatchNorm_1:0' shape=(?, 3, 3, 64) dtype=float32>, <tf.Tensor 'prefix/loc_4_insert_conv2d_bn_1/FusedBatchNorm_1:1' shape=(64,) dtype=float32>, <tf.Tensor 'prefix/loc_4_insert_conv2d_bn_1/FusedBatchNorm_1:2' shape=(64,) dtype=float32>, <tf.Tensor 'prefix/loc_4_insert_conv2d_bn_1/FusedBatchNorm_1:3' shape=(64,) dtype=float32>, <tf.Tensor 'prefix/loc_4_insert_conv2d_bn_1/FusedBatchNorm_1:4' shape=(64,) dtype=float32>]
prefix/cls_0_insert_conv2d_activation_1/Relu [<tf.Tensor 'prefix/cls_0_insert_conv2d_activation_1/Relu:0' shape=(?, 33, 33, 64) dtype=float32>]
prefix/cls_1_insert_conv2d_activation_1/Relu [<tf.Tensor 'prefix/cls_1_insert_conv2d_activation_1/Relu:0' shape=(?, 17, 17, 64) dtype=float32>]
prefix/cls_2_insert_conv2d_activation_1/Relu [<tf.Tensor 'prefix/cls_2_insert_conv2d_activation_1/Relu:0' shape=(?, 9, 9, 64) dtype=float32>]
prefix/cls_3_insert_conv2d_activation_1/Relu [<tf.Tensor 'prefix/cls_3_insert_conv2d_activation_1/Relu:0' shape=(?, 5, 5, 64) dtype=float32>]
prefix/cls_4_insert_conv2d_activation_1/Relu [<tf.Tensor 'prefix/cls_4_insert_conv2d_activation_1/Relu:0' shape=(?, 3, 3, 64) dtype=float32>]
prefix/loc_0_insert_conv2d_activation_1/Relu [<tf.Tensor 'prefix/loc_0_insert_conv2d_activation_1/Relu:0' shape=(?, 33, 33, 64) dtype=float32>]
prefix/loc_1_insert_conv2d_activation_1/Relu [<tf.Tensor 'prefix/loc_1_insert_conv2d_activation_1/Relu:0' shape=(?, 17, 17, 64) dtype=float32>]
prefix/loc_2_insert_conv2d_activation_1/Relu [<tf.Tensor 'prefix/loc_2_insert_conv2d_activation_1/Relu:0' shape=(?, 9, 9, 64) dtype=float32>]
prefix/loc_3_insert_conv2d_activation_1/Relu [<tf.Tensor 'prefix/loc_3_insert_conv2d_activation_1/Relu:0' shape=(?, 5, 5, 64) dtype=float32>]
prefix/loc_4_insert_conv2d_activation_1/Relu [<tf.Tensor 'prefix/loc_4_insert_conv2d_activation_1/Relu:0' shape=(?, 3, 3, 64) dtype=float32>]
prefix/cls_0_conv_1/kernel [<tf.Tensor 'prefix/cls_0_conv_1/kernel:0' shape=(3, 3, 64, 8) dtype=float32>]
prefix/cls_0_conv_1/kernel/read [<tf.Tensor 'prefix/cls_0_conv_1/kernel/read:0' shape=(3, 3, 64, 8) dtype=float32>]
prefix/cls_0_conv_1/bias [<tf.Tensor 'prefix/cls_0_conv_1/bias:0' shape=(8,) dtype=float32>]
prefix/cls_0_conv_1/bias/read [<tf.Tensor 'prefix/cls_0_conv_1/bias/read:0' shape=(8,) dtype=float32>]
prefix/cls_0_conv_1/convolution [<tf.Tensor 'prefix/cls_0_conv_1/convolution:0' shape=(?, 33, 33, 8) dtype=float32>]
prefix/cls_0_conv_1/BiasAdd [<tf.Tensor 'prefix/cls_0_conv_1/BiasAdd:0' shape=(?, 33, 33, 8) dtype=float32>]
prefix/cls_1_conv_1/kernel [<tf.Tensor 'prefix/cls_1_conv_1/kernel:0' shape=(3, 3, 64, 8) dtype=float32>]
prefix/cls_1_conv_1/kernel/read [<tf.Tensor 'prefix/cls_1_conv_1/kernel/read:0' shape=(3, 3, 64, 8) dtype=float32>]
prefix/cls_1_conv_1/bias [<tf.Tensor 'prefix/cls_1_conv_1/bias:0' shape=(8,) dtype=float32>]
prefix/cls_1_conv_1/bias/read [<tf.Tensor 'prefix/cls_1_conv_1/bias/read:0' shape=(8,) dtype=float32>]
prefix/cls_1_conv_1/convolution [<tf.Tensor 'prefix/cls_1_conv_1/convolution:0' shape=(?, 17, 17, 8) dtype=float32>]
prefix/cls_1_conv_1/BiasAdd [<tf.Tensor 'prefix/cls_1_conv_1/BiasAdd:0' shape=(?, 17, 17, 8) dtype=float32>]
prefix/cls_2_conv_1/kernel [<tf.Tensor 'prefix/cls_2_conv_1/kernel:0' shape=(3, 3, 64, 8) dtype=float32>]
prefix/cls_2_conv_1/kernel/read [<tf.Tensor 'prefix/cls_2_conv_1/kernel/read:0' shape=(3, 3, 64, 8) dtype=float32>]
prefix/cls_2_conv_1/bias [<tf.Tensor 'prefix/cls_2_conv_1/bias:0' shape=(8,) dtype=float32>]
prefix/cls_2_conv_1/bias/read [<tf.Tensor 'prefix/cls_2_conv_1/bias/read:0' shape=(8,) dtype=float32>]
prefix/cls_2_conv_1/convolution [<tf.Tensor 'prefix/cls_2_conv_1/convolution:0' shape=(?, 9, 9, 8) dtype=float32>]
prefix/cls_2_conv_1/BiasAdd [<tf.Tensor 'prefix/cls_2_conv_1/BiasAdd:0' shape=(?, 9, 9, 8) dtype=float32>]
prefix/cls_3_conv_1/kernel [<tf.Tensor 'prefix/cls_3_conv_1/kernel:0' shape=(3, 3, 64, 8) dtype=float32>]
prefix/cls_3_conv_1/kernel/read [<tf.Tensor 'prefix/cls_3_conv_1/kernel/read:0' shape=(3, 3, 64, 8) dtype=float32>]
prefix/cls_3_conv_1/bias [<tf.Tensor 'prefix/cls_3_conv_1/bias:0' shape=(8,) dtype=float32>]
prefix/cls_3_conv_1/bias/read [<tf.Tensor 'prefix/cls_3_conv_1/bias/read:0' shape=(8,) dtype=float32>]
prefix/cls_3_conv_1/convolution [<tf.Tensor 'prefix/cls_3_conv_1/convolution:0' shape=(?, 5, 5, 8) dtype=float32>]
prefix/cls_3_conv_1/BiasAdd [<tf.Tensor 'prefix/cls_3_conv_1/BiasAdd:0' shape=(?, 5, 5, 8) dtype=float32>]
prefix/cls_4_conv_1/kernel [<tf.Tensor 'prefix/cls_4_conv_1/kernel:0' shape=(3, 3, 64, 8) dtype=float32>]
prefix/cls_4_conv_1/kernel/read [<tf.Tensor 'prefix/cls_4_conv_1/kernel/read:0' shape=(3, 3, 64, 8) dtype=float32>]
prefix/cls_4_conv_1/bias [<tf.Tensor 'prefix/cls_4_conv_1/bias:0' shape=(8,) dtype=float32>]
prefix/cls_4_conv_1/bias/read [<tf.Tensor 'prefix/cls_4_conv_1/bias/read:0' shape=(8,) dtype=float32>]
prefix/cls_4_conv_1/convolution [<tf.Tensor 'prefix/cls_4_conv_1/convolution:0' shape=(?, 3, 3, 8) dtype=float32>]
prefix/cls_4_conv_1/BiasAdd [<tf.Tensor 'prefix/cls_4_conv_1/BiasAdd:0' shape=(?, 3, 3, 8) dtype=float32>]
prefix/loc_0_conv_1/kernel [<tf.Tensor 'prefix/loc_0_conv_1/kernel:0' shape=(3, 3, 64, 16) dtype=float32>]
prefix/loc_0_conv_1/kernel/read [<tf.Tensor 'prefix/loc_0_conv_1/kernel/read:0' shape=(3, 3, 64, 16) dtype=float32>]
prefix/loc_0_conv_1/bias [<tf.Tensor 'prefix/loc_0_conv_1/bias:0' shape=(16,) dtype=float32>]
prefix/loc_0_conv_1/bias/read [<tf.Tensor 'prefix/loc_0_conv_1/bias/read:0' shape=(16,) dtype=float32>]
prefix/loc_0_conv_1/convolution [<tf.Tensor 'prefix/loc_0_conv_1/convolution:0' shape=(?, 33, 33, 16) dtype=float32>]
prefix/loc_0_conv_1/BiasAdd [<tf.Tensor 'prefix/loc_0_conv_1/BiasAdd:0' shape=(?, 33, 33, 16) dtype=float32>]
prefix/loc_1_conv_1/kernel [<tf.Tensor 'prefix/loc_1_conv_1/kernel:0' shape=(3, 3, 64, 16) dtype=float32>]
prefix/loc_1_conv_1/kernel/read [<tf.Tensor 'prefix/loc_1_conv_1/kernel/read:0' shape=(3, 3, 64, 16) dtype=float32>]
prefix/loc_1_conv_1/bias [<tf.Tensor 'prefix/loc_1_conv_1/bias:0' shape=(16,) dtype=float32>]
prefix/loc_1_conv_1/bias/read [<tf.Tensor 'prefix/loc_1_conv_1/bias/read:0' shape=(16,) dtype=float32>]
prefix/loc_1_conv_1/convolution [<tf.Tensor 'prefix/loc_1_conv_1/convolution:0' shape=(?, 17, 17, 16) dtype=float32>]
prefix/loc_1_conv_1/BiasAdd [<tf.Tensor 'prefix/loc_1_conv_1/BiasAdd:0' shape=(?, 17, 17, 16) dtype=float32>]
prefix/loc_2_conv_1/kernel [<tf.Tensor 'prefix/loc_2_conv_1/kernel:0' shape=(3, 3, 64, 16) dtype=float32>]
prefix/loc_2_conv_1/kernel/read [<tf.Tensor 'prefix/loc_2_conv_1/kernel/read:0' shape=(3, 3, 64, 16) dtype=float32>]
prefix/loc_2_conv_1/bias [<tf.Tensor 'prefix/loc_2_conv_1/bias:0' shape=(16,) dtype=float32>]
prefix/loc_2_conv_1/bias/read [<tf.Tensor 'prefix/loc_2_conv_1/bias/read:0' shape=(16,) dtype=float32>]
prefix/loc_2_conv_1/convolution [<tf.Tensor 'prefix/loc_2_conv_1/convolution:0' shape=(?, 9, 9, 16) dtype=float32>]
prefix/loc_2_conv_1/BiasAdd [<tf.Tensor 'prefix/loc_2_conv_1/BiasAdd:0' shape=(?, 9, 9, 16) dtype=float32>]
prefix/loc_3_conv_1/kernel [<tf.Tensor 'prefix/loc_3_conv_1/kernel:0' shape=(3, 3, 64, 16) dtype=float32>]
prefix/loc_3_conv_1/kernel/read [<tf.Tensor 'prefix/loc_3_conv_1/kernel/read:0' shape=(3, 3, 64, 16) dtype=float32>]
prefix/loc_3_conv_1/bias [<tf.Tensor 'prefix/loc_3_conv_1/bias:0' shape=(16,) dtype=float32>]
prefix/loc_3_conv_1/bias/read [<tf.Tensor 'prefix/loc_3_conv_1/bias/read:0' shape=(16,) dtype=float32>]
prefix/loc_3_conv_1/convolution [<tf.Tensor 'prefix/loc_3_conv_1/convolution:0' shape=(?, 5, 5, 16) dtype=float32>]
prefix/loc_3_conv_1/BiasAdd [<tf.Tensor 'prefix/loc_3_conv_1/BiasAdd:0' shape=(?, 5, 5, 16) dtype=float32>]
prefix/loc_4_conv_1/kernel [<tf.Tensor 'prefix/loc_4_conv_1/kernel:0' shape=(3, 3, 64, 16) dtype=float32>]
prefix/loc_4_conv_1/kernel/read [<tf.Tensor 'prefix/loc_4_conv_1/kernel/read:0' shape=(3, 3, 64, 16) dtype=float32>]
prefix/loc_4_conv_1/bias [<tf.Tensor 'prefix/loc_4_conv_1/bias:0' shape=(16,) dtype=float32>]
prefix/loc_4_conv_1/bias/read [<tf.Tensor 'prefix/loc_4_conv_1/bias/read:0' shape=(16,) dtype=float32>]
prefix/loc_4_conv_1/convolution [<tf.Tensor 'prefix/loc_4_conv_1/convolution:0' shape=(?, 3, 3, 16) dtype=float32>]
prefix/loc_4_conv_1/BiasAdd [<tf.Tensor 'prefix/loc_4_conv_1/BiasAdd:0' shape=(?, 3, 3, 16) dtype=float32>]
prefix/cls_0_reshape_1/Shape [<tf.Tensor 'prefix/cls_0_reshape_1/Shape:0' shape=(4,) dtype=int32>]
prefix/cls_0_reshape_1/strided_slice/stack [<tf.Tensor 'prefix/cls_0_reshape_1/strided_slice/stack:0' shape=(1,) dtype=int32>]
prefix/cls_0_reshape_1/strided_slice/stack_1 [<tf.Tensor 'prefix/cls_0_reshape_1/strided_slice/stack_1:0' shape=(1,) dtype=int32>]
prefix/cls_0_reshape_1/strided_slice/stack_2 [<tf.Tensor 'prefix/cls_0_reshape_1/strided_slice/stack_2:0' shape=(1,) dtype=int32>]
prefix/cls_0_reshape_1/strided_slice [<tf.Tensor 'prefix/cls_0_reshape_1/strided_slice:0' shape=() dtype=int32>]
prefix/cls_0_reshape_1/Reshape/shape/1 [<tf.Tensor 'prefix/cls_0_reshape_1/Reshape/shape/1:0' shape=() dtype=int32>]
prefix/cls_0_reshape_1/Reshape/shape/2 [<tf.Tensor 'prefix/cls_0_reshape_1/Reshape/shape/2:0' shape=() dtype=int32>]
prefix/cls_0_reshape_1/Reshape/shape [<tf.Tensor 'prefix/cls_0_reshape_1/Reshape/shape:0' shape=(3,) dtype=int32>]
prefix/cls_0_reshape_1/Reshape [<tf.Tensor 'prefix/cls_0_reshape_1/Reshape:0' shape=(?, ?, 2) dtype=float32>]
prefix/cls_1_reshape_1/Shape [<tf.Tensor 'prefix/cls_1_reshape_1/Shape:0' shape=(4,) dtype=int32>]
prefix/cls_1_reshape_1/strided_slice/stack [<tf.Tensor 'prefix/cls_1_reshape_1/strided_slice/stack:0' shape=(1,) dtype=int32>]
prefix/cls_1_reshape_1/strided_slice/stack_1 [<tf.Tensor 'prefix/cls_1_reshape_1/strided_slice/stack_1:0' shape=(1,) dtype=int32>]
prefix/cls_1_reshape_1/strided_slice/stack_2 [<tf.Tensor 'prefix/cls_1_reshape_1/strided_slice/stack_2:0' shape=(1,) dtype=int32>]
prefix/cls_1_reshape_1/strided_slice [<tf.Tensor 'prefix/cls_1_reshape_1/strided_slice:0' shape=() dtype=int32>]
prefix/cls_1_reshape_1/Reshape/shape/1 [<tf.Tensor 'prefix/cls_1_reshape_1/Reshape/shape/1:0' shape=() dtype=int32>]
prefix/cls_1_reshape_1/Reshape/shape/2 [<tf.Tensor 'prefix/cls_1_reshape_1/Reshape/shape/2:0' shape=() dtype=int32>]
prefix/cls_1_reshape_1/Reshape/shape [<tf.Tensor 'prefix/cls_1_reshape_1/Reshape/shape:0' shape=(3,) dtype=int32>]
prefix/cls_1_reshape_1/Reshape [<tf.Tensor 'prefix/cls_1_reshape_1/Reshape:0' shape=(?, ?, 2) dtype=float32>]
prefix/cls_2_reshape_1/Shape [<tf.Tensor 'prefix/cls_2_reshape_1/Shape:0' shape=(4,) dtype=int32>]
prefix/cls_2_reshape_1/strided_slice/stack [<tf.Tensor 'prefix/cls_2_reshape_1/strided_slice/stack:0' shape=(1,) dtype=int32>]
prefix/cls_2_reshape_1/strided_slice/stack_1 [<tf.Tensor 'prefix/cls_2_reshape_1/strided_slice/stack_1:0' shape=(1,) dtype=int32>]
prefix/cls_2_reshape_1/strided_slice/stack_2 [<tf.Tensor 'prefix/cls_2_reshape_1/strided_slice/stack_2:0' shape=(1,) dtype=int32>]
prefix/cls_2_reshape_1/strided_slice [<tf.Tensor 'prefix/cls_2_reshape_1/strided_slice:0' shape=() dtype=int32>]
prefix/cls_2_reshape_1/Reshape/shape/1 [<tf.Tensor 'prefix/cls_2_reshape_1/Reshape/shape/1:0' shape=() dtype=int32>]
prefix/cls_2_reshape_1/Reshape/shape/2 [<tf.Tensor 'prefix/cls_2_reshape_1/Reshape/shape/2:0' shape=() dtype=int32>]
prefix/cls_2_reshape_1/Reshape/shape [<tf.Tensor 'prefix/cls_2_reshape_1/Reshape/shape:0' shape=(3,) dtype=int32>]
prefix/cls_2_reshape_1/Reshape [<tf.Tensor 'prefix/cls_2_reshape_1/Reshape:0' shape=(?, ?, 2) dtype=float32>]
prefix/cls_3_reshape_1/Shape [<tf.Tensor 'prefix/cls_3_reshape_1/Shape:0' shape=(4,) dtype=int32>]
prefix/cls_3_reshape_1/strided_slice/stack [<tf.Tensor 'prefix/cls_3_reshape_1/strided_slice/stack:0' shape=(1,) dtype=int32>]
prefix/cls_3_reshape_1/strided_slice/stack_1 [<tf.Tensor 'prefix/cls_3_reshape_1/strided_slice/stack_1:0' shape=(1,) dtype=int32>]
prefix/cls_3_reshape_1/strided_slice/stack_2 [<tf.Tensor 'prefix/cls_3_reshape_1/strided_slice/stack_2:0' shape=(1,) dtype=int32>]
prefix/cls_3_reshape_1/strided_slice [<tf.Tensor 'prefix/cls_3_reshape_1/strided_slice:0' shape=() dtype=int32>]
prefix/cls_3_reshape_1/Reshape/shape/1 [<tf.Tensor 'prefix/cls_3_reshape_1/Reshape/shape/1:0' shape=() dtype=int32>]
prefix/cls_3_reshape_1/Reshape/shape/2 [<tf.Tensor 'prefix/cls_3_reshape_1/Reshape/shape/2:0' shape=() dtype=int32>]
prefix/cls_3_reshape_1/Reshape/shape [<tf.Tensor 'prefix/cls_3_reshape_1/Reshape/shape:0' shape=(3,) dtype=int32>]
prefix/cls_3_reshape_1/Reshape [<tf.Tensor 'prefix/cls_3_reshape_1/Reshape:0' shape=(?, ?, 2) dtype=float32>]
prefix/cls_4_reshape_1/Shape [<tf.Tensor 'prefix/cls_4_reshape_1/Shape:0' shape=(4,) dtype=int32>]
prefix/cls_4_reshape_1/strided_slice/stack [<tf.Tensor 'prefix/cls_4_reshape_1/strided_slice/stack:0' shape=(1,) dtype=int32>]
prefix/cls_4_reshape_1/strided_slice/stack_1 [<tf.Tensor 'prefix/cls_4_reshape_1/strided_slice/stack_1:0' shape=(1,) dtype=int32>]
prefix/cls_4_reshape_1/strided_slice/stack_2 [<tf.Tensor 'prefix/cls_4_reshape_1/strided_slice/stack_2:0' shape=(1,) dtype=int32>]
prefix/cls_4_reshape_1/strided_slice [<tf.Tensor 'prefix/cls_4_reshape_1/strided_slice:0' shape=() dtype=int32>]
prefix/cls_4_reshape_1/Reshape/shape/1 [<tf.Tensor 'prefix/cls_4_reshape_1/Reshape/shape/1:0' shape=() dtype=int32>]
prefix/cls_4_reshape_1/Reshape/shape/2 [<tf.Tensor 'prefix/cls_4_reshape_1/Reshape/shape/2:0' shape=() dtype=int32>]
prefix/cls_4_reshape_1/Reshape/shape [<tf.Tensor 'prefix/cls_4_reshape_1/Reshape/shape:0' shape=(3,) dtype=int32>]
prefix/cls_4_reshape_1/Reshape [<tf.Tensor 'prefix/cls_4_reshape_1/Reshape:0' shape=(?, ?, 2) dtype=float32>]
prefix/loc_0_reshape_1/Shape [<tf.Tensor 'prefix/loc_0_reshape_1/Shape:0' shape=(4,) dtype=int32>]
prefix/loc_0_reshape_1/strided_slice/stack [<tf.Tensor 'prefix/loc_0_reshape_1/strided_slice/stack:0' shape=(1,) dtype=int32>]
prefix/loc_0_reshape_1/strided_slice/stack_1 [<tf.Tensor 'prefix/loc_0_reshape_1/strided_slice/stack_1:0' shape=(1,) dtype=int32>]
prefix/loc_0_reshape_1/strided_slice/stack_2 [<tf.Tensor 'prefix/loc_0_reshape_1/strided_slice/stack_2:0' shape=(1,) dtype=int32>]
prefix/loc_0_reshape_1/strided_slice [<tf.Tensor 'prefix/loc_0_reshape_1/strided_slice:0' shape=() dtype=int32>]
prefix/loc_0_reshape_1/Reshape/shape/1 [<tf.Tensor 'prefix/loc_0_reshape_1/Reshape/shape/1:0' shape=() dtype=int32>]
prefix/loc_0_reshape_1/Reshape/shape/2 [<tf.Tensor 'prefix/loc_0_reshape_1/Reshape/shape/2:0' shape=() dtype=int32>]
prefix/loc_0_reshape_1/Reshape/shape [<tf.Tensor 'prefix/loc_0_reshape_1/Reshape/shape:0' shape=(3,) dtype=int32>]
prefix/loc_0_reshape_1/Reshape [<tf.Tensor 'prefix/loc_0_reshape_1/Reshape:0' shape=(?, ?, 4) dtype=float32>]
prefix/loc_1_reshape_1/Shape [<tf.Tensor 'prefix/loc_1_reshape_1/Shape:0' shape=(4,) dtype=int32>]
prefix/loc_1_reshape_1/strided_slice/stack [<tf.Tensor 'prefix/loc_1_reshape_1/strided_slice/stack:0' shape=(1,) dtype=int32>]
prefix/loc_1_reshape_1/strided_slice/stack_1 [<tf.Tensor 'prefix/loc_1_reshape_1/strided_slice/stack_1:0' shape=(1,) dtype=int32>]
prefix/loc_1_reshape_1/strided_slice/stack_2 [<tf.Tensor 'prefix/loc_1_reshape_1/strided_slice/stack_2:0' shape=(1,) dtype=int32>]
prefix/loc_1_reshape_1/strided_slice [<tf.Tensor 'prefix/loc_1_reshape_1/strided_slice:0' shape=() dtype=int32>]
prefix/loc_1_reshape_1/Reshape/shape/1 [<tf.Tensor 'prefix/loc_1_reshape_1/Reshape/shape/1:0' shape=() dtype=int32>]
prefix/loc_1_reshape_1/Reshape/shape/2 [<tf.Tensor 'prefix/loc_1_reshape_1/Reshape/shape/2:0' shape=() dtype=int32>]
prefix/loc_1_reshape_1/Reshape/shape [<tf.Tensor 'prefix/loc_1_reshape_1/Reshape/shape:0' shape=(3,) dtype=int32>]
prefix/loc_1_reshape_1/Reshape [<tf.Tensor 'prefix/loc_1_reshape_1/Reshape:0' shape=(?, ?, 4) dtype=float32>]
prefix/loc_2_reshape_1/Shape [<tf.Tensor 'prefix/loc_2_reshape_1/Shape:0' shape=(4,) dtype=int32>]
prefix/loc_2_reshape_1/strided_slice/stack [<tf.Tensor 'prefix/loc_2_reshape_1/strided_slice/stack:0' shape=(1,) dtype=int32>]
prefix/loc_2_reshape_1/strided_slice/stack_1 [<tf.Tensor 'prefix/loc_2_reshape_1/strided_slice/stack_1:0' shape=(1,) dtype=int32>]
prefix/loc_2_reshape_1/strided_slice/stack_2 [<tf.Tensor 'prefix/loc_2_reshape_1/strided_slice/stack_2:0' shape=(1,) dtype=int32>]
prefix/loc_2_reshape_1/strided_slice [<tf.Tensor 'prefix/loc_2_reshape_1/strided_slice:0' shape=() dtype=int32>]
prefix/loc_2_reshape_1/Reshape/shape/1 [<tf.Tensor 'prefix/loc_2_reshape_1/Reshape/shape/1:0' shape=() dtype=int32>]
prefix/loc_2_reshape_1/Reshape/shape/2 [<tf.Tensor 'prefix/loc_2_reshape_1/Reshape/shape/2:0' shape=() dtype=int32>]
prefix/loc_2_reshape_1/Reshape/shape [<tf.Tensor 'prefix/loc_2_reshape_1/Reshape/shape:0' shape=(3,) dtype=int32>]
prefix/loc_2_reshape_1/Reshape [<tf.Tensor 'prefix/loc_2_reshape_1/Reshape:0' shape=(?, ?, 4) dtype=float32>]
prefix/loc_3_reshape_1/Shape [<tf.Tensor 'prefix/loc_3_reshape_1/Shape:0' shape=(4,) dtype=int32>]
prefix/loc_3_reshape_1/strided_slice/stack [<tf.Tensor 'prefix/loc_3_reshape_1/strided_slice/stack:0' shape=(1,) dtype=int32>]
prefix/loc_3_reshape_1/strided_slice/stack_1 [<tf.Tensor 'prefix/loc_3_reshape_1/strided_slice/stack_1:0' shape=(1,) dtype=int32>]
prefix/loc_3_reshape_1/strided_slice/stack_2 [<tf.Tensor 'prefix/loc_3_reshape_1/strided_slice/stack_2:0' shape=(1,) dtype=int32>]
prefix/loc_3_reshape_1/strided_slice [<tf.Tensor 'prefix/loc_3_reshape_1/strided_slice:0' shape=() dtype=int32>]
prefix/loc_3_reshape_1/Reshape/shape/1 [<tf.Tensor 'prefix/loc_3_reshape_1/Reshape/shape/1:0' shape=() dtype=int32>]
prefix/loc_3_reshape_1/Reshape/shape/2 [<tf.Tensor 'prefix/loc_3_reshape_1/Reshape/shape/2:0' shape=() dtype=int32>]
prefix/loc_3_reshape_1/Reshape/shape [<tf.Tensor 'prefix/loc_3_reshape_1/Reshape/shape:0' shape=(3,) dtype=int32>]
prefix/loc_3_reshape_1/Reshape [<tf.Tensor 'prefix/loc_3_reshape_1/Reshape:0' shape=(?, ?, 4) dtype=float32>]
prefix/loc_4_reshape_1/Shape [<tf.Tensor 'prefix/loc_4_reshape_1/Shape:0' shape=(4,) dtype=int32>]
prefix/loc_4_reshape_1/strided_slice/stack [<tf.Tensor 'prefix/loc_4_reshape_1/strided_slice/stack:0' shape=(1,) dtype=int32>]
prefix/loc_4_reshape_1/strided_slice/stack_1 [<tf.Tensor 'prefix/loc_4_reshape_1/strided_slice/stack_1:0' shape=(1,) dtype=int32>]
prefix/loc_4_reshape_1/strided_slice/stack_2 [<tf.Tensor 'prefix/loc_4_reshape_1/strided_slice/stack_2:0' shape=(1,) dtype=int32>]
prefix/loc_4_reshape_1/strided_slice [<tf.Tensor 'prefix/loc_4_reshape_1/strided_slice:0' shape=() dtype=int32>]
prefix/loc_4_reshape_1/Reshape/shape/1 [<tf.Tensor 'prefix/loc_4_reshape_1/Reshape/shape/1:0' shape=() dtype=int32>]
prefix/loc_4_reshape_1/Reshape/shape/2 [<tf.Tensor 'prefix/loc_4_reshape_1/Reshape/shape/2:0' shape=() dtype=int32>]
prefix/loc_4_reshape_1/Reshape/shape [<tf.Tensor 'prefix/loc_4_reshape_1/Reshape/shape:0' shape=(3,) dtype=int32>]
prefix/loc_4_reshape_1/Reshape [<tf.Tensor 'prefix/loc_4_reshape_1/Reshape:0' shape=(?, ?, 4) dtype=float32>]
prefix/cls_0_activation_1/Sigmoid [<tf.Tensor 'prefix/cls_0_activation_1/Sigmoid:0' shape=(?, ?, 2) dtype=float32>]
prefix/cls_1_activation_1/Sigmoid [<tf.Tensor 'prefix/cls_1_activation_1/Sigmoid:0' shape=(?, ?, 2) dtype=float32>]
prefix/cls_2_activation_1/Sigmoid [<tf.Tensor 'prefix/cls_2_activation_1/Sigmoid:0' shape=(?, ?, 2) dtype=float32>]
prefix/cls_3_activation_1/Sigmoid [<tf.Tensor 'prefix/cls_3_activation_1/Sigmoid:0' shape=(?, ?, 2) dtype=float32>]
prefix/cls_4_activation_1/Sigmoid [<tf.Tensor 'prefix/cls_4_activation_1/Sigmoid:0' shape=(?, ?, 2) dtype=float32>]
prefix/loc_branch_concat_1/concat/axis [<tf.Tensor 'prefix/loc_branch_concat_1/concat/axis:0' shape=() dtype=int32>]
prefix/loc_branch_concat_1/concat [<tf.Tensor 'prefix/loc_branch_concat_1/concat:0' shape=(?, ?, 4) dtype=float32>]
prefix/cls_branch_concat_1/concat/axis [<tf.Tensor 'prefix/cls_branch_concat_1/concat/axis:0' shape=() dtype=int32>]
prefix/cls_branch_concat_1/concat [<tf.Tensor 'prefix/cls_branch_concat_1/concat:0' shape=(?, ?, 2) dtype=float32>]
